*** Now run 'make gdb'.
***
6828 decimal is 15254 octal!
entering test_backtrace 5
entering test_backtrace 4
entering test_backtrace 3
entering test_backtrace 2
entering test_backtrace 1
entering test_backtrace 0
Stack backtrace:
  ebp f010ff08 eip f0100078 args 00000000 00000000 00000000 f010004a f0111308
  ebp f010ff28 eip f01000a1 args 00000000 00000001 f010ff68 f010004a f0111308
  ebp f010ff48 eip f01000a1 args 00000001 00000002 f010ff88 f010004a f0111308
  ebp f010ff68 eip f01000a1 args 00000002 00000003 f010ffa8 f010004a f0111308
  ebp f010ff88 eip f01000a1 args 00000003 00000004 00000000 f010004a f0111308
  ebp f010ffa8 eip f01000a1 args 00000004 00000005 00000000 f010004a f0111308
  ebp f010ffc8 eip f01000f4 args 00000005 00001aac 00000640 00000000 00000000
  ebp f010fff8 eip f010003e args 00000003 00001003 00002003 00003003 00004003
leaving test_backtrace 0
leaving test_backtrace 1
leaving test_backtrace 2
leaving test_backtrace 3
leaving test_backtrace 4
leaving test_backtrace 5
x 1, y 3, z 4
He110 WorldWelcome to the JOS kernel monitor!
Type 'help' for a list of commands.
qemu: terminating on signal 15 from pid 4547
